{"/Users/seongmin/Documents/GitHub/unit-basic/src/async.js": {"path":"/Users/seongmin/Documents/GitHub/unit-basic/src/async.js","all":false,"statementMap":{"0":{"start":{"line":1,"column":0},"end":{"line":1,"column":30}},"1":{"start":{"line":2,"column":0},"end":{"line":2,"column":25}},"2":{"start":{"line":3,"column":0},"end":{"line":3,"column":41}},"3":{"start":{"line":4,"column":0},"end":{"line":4,"column":2}},"4":{"start":{"line":5,"column":0},"end":{"line":5,"column":54}},"5":{"start":{"line":6,"column":0},"end":{"line":6,"column":1}},"6":{"start":{"line":7,"column":0},"end":{"line":7,"column":0}},"7":{"start":{"line":8,"column":0},"end":{"line":8,"column":30}}},"s":{"0":5,"1":5,"2":1,"3":1,"4":4,"5":4,"6":1,"7":1},"branchMap":{"0":{"type":"branch","line":1,"loc":{"start":{"line":1,"column":0},"end":{"line":6,"column":1}},"locations":[{"start":{"line":1,"column":0},"end":{"line":6,"column":1}}]},"1":{"type":"branch","line":2,"loc":{"start":{"line":2,"column":24},"end":{"line":4,"column":2}},"locations":[{"start":{"line":2,"column":24},"end":{"line":4,"column":2}}]},"2":{"type":"branch","line":4,"loc":{"start":{"line":4,"column":1},"end":{"line":6,"column":1}},"locations":[{"start":{"line":4,"column":1},"end":{"line":6,"column":1}}]}},"b":{"0":[5],"1":[1],"2":[4]},"fnMap":{"0":{"name":"fetchProduct","decl":{"start":{"line":1,"column":0},"end":{"line":6,"column":1}},"loc":{"start":{"line":1,"column":0},"end":{"line":6,"column":1}},"line":1}},"f":{"0":5}}
}
