TN:
SF:src/add.js
FN:1,add
FNF:1
FNH:1
FNDA:1,add
DA:1,1
DA:2,1
DA:3,1
DA:4,1
DA:5,1
LF:5
LH:5
BRDA:1,0,0,1
BRF:1
BRH:1
end_of_record
TN:
SF:src/calculator.js
FN:2,Calculator
FN:6,set
FN:10,clear
FN:14,add
FN:18,substract
FN:22,multiply
FN:26,divide
FNF:7
FNH:7
FNDA:8,Calculator
FNDA:7,set
FNDA:1,clear
FNDA:1,add
FNDA:1,substract
FNDA:1,multiply
FNDA:2,divide
DA:1,1
DA:2,1
DA:3,8
DA:4,8
DA:5,1
DA:6,1
DA:7,7
DA:8,7
DA:9,1
DA:10,1
DA:11,1
DA:12,1
DA:13,1
DA:14,1
DA:15,1
DA:16,1
DA:17,1
DA:18,1
DA:19,1
DA:20,1
DA:21,1
DA:22,1
DA:23,1
DA:24,1
DA:25,1
DA:26,1
DA:27,2
DA:28,2
DA:29,1
DA:30,1
DA:31,1
LF:31
LH:31
BRDA:2,0,0,8
BRDA:6,1,0,7
BRDA:10,2,0,1
BRDA:14,3,0,1
BRDA:18,4,0,1
BRDA:22,5,0,1
BRDA:26,6,0,2
BRF:7
BRH:7
end_of_record
